{
  "RSpec": {
    "coverage": {
      "C:/Users/Ben/Desktop/store-with-authentication/spec/controllers/home_controller_spec.rb": [
        1,
        null,
        1,
        null,
        1,
        1,
        1,
        1,
        null,
        null,
        null,
        null
      ],
      "C:/Users/Ben/Desktop/store-with-authentication/spec/rails_helper.rb": [
        null,
        1,
        1,
        1,
        1,
        null,
        1,
        1,
        null,
        null,
        null,
        null,
        null,
        null,
        null,
        null,
        null,
        null,
        null,
        null,
        null,
        null,
        null,
        null,
        null,
        null,
        null,
        1,
        null,
        1,
        null,
        1,
        null,
        null,
        null,
        null,
        1,
        null,
        null,
        null,
        null,
        null,
        null,
        null,
        null,
        null,
        null,
        null,
        null,
        null,
        null,
        1,
        null,
        null,
        1,
        null,
        null,
        null,
        null,
        1,
        1,
        1,
        1,
        null,
        null
      ],
      "C:/Users/Ben/Desktop/store-with-authentication/config/environment.rb": [
        null,
        1,
        null,
        null,
        1
      ],
      "C:/Users/Ben/Desktop/store-with-authentication/config/application.rb": [
        1,
        null,
        1,
        null,
        1,
        1,
        1,
        1,
        1,
        1,
        1,
        1,
        null,
        null,
        null,
        null,
        1,
        null,
        1,
        1,
        null,
        1,
        null,
        null,
        null,
        null,
        null,
        null,
        1,
        null,
        null
      ],
      "C:/Users/Ben/Desktop/store-with-authentication/config/boot.rb": [
        1,
        null,
        1
      ],
      "C:/Users/Ben/Desktop/store-with-authentication/config/environments/test.rb": [
        1,
        null,
        null,
        null,
        null,
        null,
        null,
        1,
        null,
        null,
        null,
        null,
        1,
        null,
        null,
        1,
        1,
        null,
        null,
        null,
        null,
        1,
        1,
        null,
        null,
        1,
        null,
        null,
        1,
        1,
        null,
        null,
        null,
        null,
        1,
        null,
        null,
        1,
        null,
        null,
        null,
        null
      ],
      "C:/Users/Ben/Desktop/store-with-authentication/config/initializers/application_controller_renderer.rb": [
        null,
        null,
        null,
        null,
        null,
        null
      ],
      "C:/Users/Ben/Desktop/store-with-authentication/config/initializers/assets.rb": [
        null,
        null,
        null,
        1,
        null,
        null,
        null,
        null,
        1,
        null,
        null,
        null,
        null,
        null
      ],
      "C:/Users/Ben/Desktop/store-with-authentication/config/initializers/backtrace_silencers.rb": [
        null,
        null,
        null,
        null,
        null,
        null,
        null
      ],
      "C:/Users/Ben/Desktop/store-with-authentication/config/initializers/cookies_serializer.rb": [
        null,
        null,
        null,
        null,
        1
      ],
      "C:/Users/Ben/Desktop/store-with-authentication/config/initializers/devise.rb": [
        null,
        null,
        1,
        null,
        null,
        null,
        null,
        null,
        null,
        null,
        null,
        null,
        null,
        null,
        1,
        null,
        null,
        null,
        null,
        null,
        null,
        null,
        null,
        null,
        null,
        null,
        1,
        null,
        null,
        null,
        null,
        null,
        null,
        null,
        null,
        null,
        null,
        null,
        null,
        null,
        null,
        null,
        null,
        null,
        null,
        null,
        null,
        null,
        1,
        null,
        null,
        null,
        null,
        1,
        null,
        null,
        null,
        null,
        null,
        null,
        null,
        null,
        null,
        null,
        null,
        null,
        null,
        null,
        null,
        null,
        null,
        null,
        null,
        null,
        null,
        null,
        null,
        null,
        null,
        null,
        null,
        null,
        null,
        null,
        1,
        null,
        null,
        null,
        null,
        null,
        null,
        null,
        null,
        null,
        null,
        null,
        null,
        null,
        null,
        null,
        null,
        null,
        null,
        null,
        null,
        null,
        null,
        1,
        null,
        null,
        null,
        null,
        null,
        null,
        null,
        null,
        null,
        null,
        null,
        null,
        null,
        null,
        null,
        null,
        null,
        null,
        null,
        null,
        null,
        null,
        null,
        null,
        null,
        null,
        null,
        null,
        null,
        null,
        1,
        null,
        null,
        null,
        null,
        null,
        null,
        null,
        null,
        null,
        1,
        null,
        null,
        null,
        null,
        null,
        null,
        null,
        null,
        null,
        null,
        1,
        null,
        null,
        null,
        null,
        1,
        null,
        null,
        null,
        null,
        null,
        null,
        null,
        null,
        null,
        null,
        null,
        null,
        null,
        null,
        null,
        null,
        null,
        null,
        null,
        null,
        null,
        null,
        null,
        null,
        null,
        null,
        null,
        null,
        null,
        null,
        null,
        null,
        null,
        null,
        null,
        null,
        null,
        null,
        null,
        null,
        1,
        null,
        null,
        null,
        null,
        null,
        null,
        null,
        null,
        null,
        null,
        null,
        null,
        null,
        null,
        null,
        null,
        null,
        null,
        null,
        null,
        null,
        null,
        null,
        null,
        null,
        null,
        null,
        null,
        null,
        null,
        null,
        null,
        null,
        null,
        null,
        null,
        null,
        null,
        null,
        null,
        null,
        1,
        null,
        null,
        null,
        null,
        null,
        null,
        null,
        null,
        null,
        null,
        null,
        null,
        null,
        null,
        null,
        null,
        null,
        null,
        null,
        null,
        null,
        null,
        null,
        null,
        null,
        null,
        null,
        null,
        null
      ],
      "C:/Users/Ben/Desktop/store-with-authentication/config/initializers/filter_parameter_logging.rb": [
        null,
        null,
        null,
        1
      ],
      "C:/Users/Ben/Desktop/store-with-authentication/config/initializers/inflections.rb": [
        null,
        null,
        null,
        null,
        null,
        null,
        null,
        null,
        null,
        null,
        null,
        null,
        null,
        null,
        null,
        null
      ],
      "C:/Users/Ben/Desktop/store-with-authentication/config/initializers/mime_types.rb": [
        null,
        null,
        null,
        null
      ],
      "C:/Users/Ben/Desktop/store-with-authentication/config/initializers/wrap_parameters.rb": [
        null,
        null,
        null,
        null,
        null,
        null,
        1,
        2,
        null,
        null,
        null,
        null,
        null,
        null
      ],
      "C:/Users/Ben/Desktop/store-with-authentication/spec/factories/products.rb": [
        1,
        1,
        1,
        1,
        1,
        null,
        null
      ],
      "C:/Users/Ben/Desktop/store-with-authentication/spec/factories/reviews.rb": [
        1,
        1,
        1,
        1,
        1,
        1,
        null,
        null
      ],
      "C:/Users/Ben/Desktop/store-with-authentication/spec/factories/users.rb": [
        1,
        1,
        1,
        1,
        1,
        1,
        null,
        null
      ],
      "C:/Users/Ben/Desktop/store-with-authentication/config/routes.rb": [
        1,
        null,
        1,
        null,
        1,
        null,
        1,
        null,
        1,
        null,
        1,
        null,
        1,
        null,
        1,
        null,
        1,
        1,
        null,
        1,
        1,
        null,
        null,
        1,
        1,
        null,
        null,
        null,
        null
      ],
      "C:/Users/Ben/Desktop/store-with-authentication/app/models/user.rb": [
        1,
        1,
        1,
        null,
        null,
        1,
        null,
        null
      ],
      "C:/Users/Ben/Desktop/store-with-authentication/app/models/application_record.rb": [
        1,
        1,
        null
      ],
      "C:/Users/Ben/Desktop/store-with-authentication/app/helpers/application_helper.rb": [
        1,
        null
      ],
      "C:/Users/Ben/Desktop/store-with-authentication/app/helpers/home_helper.rb": [
        1,
        null
      ],
      "C:/Users/Ben/Desktop/store-with-authentication/app/helpers/products_helper.rb": [
        1,
        null
      ],
      "C:/Users/Ben/Desktop/store-with-authentication/app/helpers/reviews_helper.rb": [
        1,
        null
      ],
      "C:/Users/Ben/Desktop/store-with-authentication/app/controllers/home_controller.rb": [
        1,
        1,
        null,
        null
      ],
      "C:/Users/Ben/Desktop/store-with-authentication/app/controllers/application_controller.rb": [
        1,
        1,
        null
      ],
      "C:/Users/Ben/Desktop/store-with-authentication/spec/controllers/products_controller_spec.rb": [
        1,
        null,
        1,
        null,
        1,
        1,
        1,
        1,
        null,
        null,
        null,
        1,
        1,
        1,
        0,
        null,
        null,
        null,
        1,
        1,
        1,
        0,
        null,
        null,
        null,
        1,
        1,
        1,
        0,
        null,
        null,
        null,
        null
      ],
      "C:/Users/Ben/Desktop/store-with-authentication/app/controllers/products_controller.rb": [
        1,
        1,
        1,
        null,
        null,
        null,
        null,
        null,
        null,
        1,
        1,
        null,
        null,
        1,
        1,
        0,
        0,
        null,
        0,
        null,
        null,
        null,
        1,
        1,
        null,
        0,
        0,
        0,
        0,
        null,
        null,
        null,
        1,
        0,
        null,
        null,
        1,
        0,
        0,
        0,
        null,
        0,
        null,
        null,
        null,
        1,
        0,
        0,
        0,
        0,
        null,
        null,
        1,
        null,
        1,
        0,
        null,
        null
      ],
      "C:/Users/Ben/Desktop/store-with-authentication/spec/controllers/reviews_controller_spec.rb": [
        1,
        null,
        1,
        null,
        1,
        1,
        1,
        0,
        null,
        null,
        null,
        1,
        1,
        1,
        0,
        null,
        null,
        null,
        null
      ],
      "C:/Users/Ben/Desktop/store-with-authentication/app/controllers/reviews_controller.rb": [
        1,
        1,
        1,
        0,
        null,
        null,
        1,
        1,
        0,
        0,
        0,
        0,
        null,
        0,
        null,
        null,
        null,
        1,
        0,
        0,
        0,
        0,
        0,
        null,
        null,
        1,
        null,
        1,
        0,
        null,
        null
      ],
      "C:/Users/Ben/Desktop/store-with-authentication/spec/helpers/home_helper_spec.rb": [
        1,
        null,
        null,
        null,
        null,
        null,
        null,
        null,
        null,
        null,
        null,
        null,
        1,
        1,
        null
      ],
      "C:/Users/Ben/Desktop/store-with-authentication/spec/helpers/products_helper_spec.rb": [
        1,
        null,
        null,
        null,
        null,
        null,
        null,
        null,
        null,
        null,
        null,
        null,
        1,
        1,
        null
      ],
      "C:/Users/Ben/Desktop/store-with-authentication/spec/helpers/reviews_helper_spec.rb": [
        1,
        null,
        null,
        null,
        null,
        null,
        null,
        null,
        null,
        null,
        null,
        null,
        1,
        1,
        null
      ],
      "C:/Users/Ben/Desktop/store-with-authentication/spec/models/review_spec.rb": [
        1,
        null,
        1,
        1,
        null
      ],
      "C:/Users/Ben/Desktop/store-with-authentication/app/models/review.rb": [
        1,
        1,
        1,
        null
      ],
      "C:/Users/Ben/Desktop/store-with-authentication/spec/models/user_spec.rb": [
        1,
        null,
        1,
        1,
        null
      ],
      "C:/Users/Ben/Desktop/store-with-authentication/spec/views/home/index.html.erb_spec.rb": [
        1,
        null,
        1,
        1,
        null
      ],
      "C:/Users/Ben/Desktop/store-with-authentication/spec/views/products/create.html.erb_spec.rb": [
        1,
        null,
        1,
        1,
        null
      ],
      "C:/Users/Ben/Desktop/store-with-authentication/spec/views/products/index.html.erb_spec.rb": [
        1,
        null,
        1,
        1,
        null
      ],
      "C:/Users/Ben/Desktop/store-with-authentication/spec/views/products/new.html.erb_spec.rb": [
        1,
        null,
        1,
        1,
        null
      ],
      "C:/Users/Ben/Desktop/store-with-authentication/spec/views/products/show.html.erb_spec.rb": [
        1,
        null,
        1,
        1,
        null
      ],
      "C:/Users/Ben/Desktop/store-with-authentication/spec/views/reviews/create.html.erb_spec.rb": [
        1,
        null,
        1,
        1,
        null
      ],
      "C:/Users/Ben/Desktop/store-with-authentication/spec/views/reviews/new.html.erb_spec.rb": [
        1,
        null,
        1,
        1,
        null
      ],
      "C:/Users/Ben/Desktop/store-with-authentication/app/models/product.rb": [
        1,
        null,
        1,
        1,
        null,
        1,
        1,
        null,
        1,
        0,
        0,
        0,
        null,
        0,
        null,
        null,
        null
      ]
    },
    "timestamp": 1500270603
  }
}
